<?xml version="1.0" encoding="UTF-8"?>
<!-- Generated by org.testng.reporters.JUnitReportReporter -->
<testsuite hostname="Divyakrishna" name="com.ng.OrangeHrmTest" tests="1" failures="0" timestamp="26 Apr 2024 03:21:35 GMT" time="33.205" errors="0">
  <testcase name="OrangeHrm" time="33.205" classname="com.ng.OrangeHrmTest"/>
</testsuite> <!-- com.ng.OrangeHrmTest -->
