<?xml version="1.0" encoding="UTF-8"?>
<!-- Generated by org.testng.reporters.JUnitReportReporter -->
<testsuite hostname="Divyakrishna" name="com.attributes.DemoTest" tests="2" failures="0" timestamp="26 Apr 2024 12:29:30 GMT" time="31.880" errors="0">
  <testcase name="demotest" time="14.745" classname="com.attributes.DemoTest"/>
  <testcase name="demotest" time="17.135" classname="com.attributes.DemoTest"/>
</testsuite> <!-- com.attributes.DemoTest -->
