<?xml version="1.0" encoding="UTF-8"?>
<!-- Generated by org.testng.reporters.JUnitReportReporter -->
<testsuite hostname="Divyakrishna" name="com.few.IHGTest" tests="1" failures="0" timestamp="29 Apr 2024 02:43:45 GMT" time="24.747" errors="0">
  <testcase name="ihg" time="24.747" classname="com.few.IHGTest"/>
</testsuite> <!-- com.few.IHGTest -->
