<?xml version="1.0" encoding="UTF-8"?>
<!-- Generated by org.testng.reporters.JUnitReportReporter -->
<testsuite hostname="Divyakrishna" name="com.attributes.SuperMarketFruits" tests="5" failures="0" timestamp="26 Apr 2024 13:16:44 GMT" time="0.006" errors="0">
  <testcase name="pineapple" time="0.000" classname="com.attributes.SuperMarketFruits"/>
  <testcase name="orange" time="0.006" classname="com.attributes.SuperMarketFruits"/>
  <testcase name="grapes" time="0.000" classname="com.attributes.SuperMarketFruits"/>
  <testcase name="banana" time="0.000" classname="com.attributes.SuperMarketFruits"/>
  <testcase name="mango" time="0.000" classname="com.attributes.SuperMarketFruits"/>
</testsuite> <!-- com.attributes.SuperMarketFruits -->
