<?xml version="1.0" encoding="UTF-8"?>
<!-- Generated by org.testng.reporters.JUnitReportReporter -->
<testsuite hostname="Divyakrishna" name="com.grp.IHGTest" tests="1" failures="0" timestamp="29 Apr 2024 03:03:32 GMT" time="48.710" errors="0">
  <testcase name="ihg" time="48.710" classname="com.grp.IHGTest"/>
</testsuite> <!-- com.grp.IHGTest -->
