<?xml version="1.0" encoding="UTF-8"?>
<!-- Generated by org.testng.reporters.JUnitReportReporter -->
<testsuite hostname="Divyakrishna" name="com.small.ORANGEHRM" tests="1" failures="0" timestamp="29 Apr 2024 03:28:18 GMT" time="17.660" errors="0">
  <testcase name="hrm" time="17.660" classname="com.small.ORANGEHRM"/>
</testsuite> <!-- com.small.ORANGEHRM -->
