<?xml version="1.0" encoding="UTF-8"?>
<!-- Generated by org.testng.reporters.JUnitReportReporter -->
<testsuite hostname="Divyakrishna" name="com.all.OrangeHrmTest" tests="1" failures="0" timestamp="29 Apr 2024 02:52:21 GMT" time="13.806" errors="0">
  <testcase name="OrangeHrm" time="13.806" classname="com.all.OrangeHrmTest"/>
</testsuite> <!-- com.all.OrangeHrmTest -->
