<?xml version="1.0" encoding="UTF-8"?>
<!-- Generated by org.testng.reporters.JUnitReportReporter -->
<testsuite hostname="Divyakrishna" name="com.all.DemoTest" tests="1" failures="0" timestamp="29 Apr 2024 02:52:21 GMT" time="30.269" errors="0">
  <testcase name="demotest" time="30.269" classname="com.all.DemoTest"/>
</testsuite> <!-- com.all.DemoTest -->
