<?xml version="1.0" encoding="UTF-8"?>
<!-- Generated by org.testng.reporters.JUnitReportReporter -->
<testsuite hostname="Divyakrishna" name="com.all.IHGTest" tests="1" failures="0" timestamp="29 Apr 2024 02:52:21 GMT" time="31.108" errors="0">
  <testcase name="ihg" time="31.108" classname="com.all.IHGTest"/>
</testsuite> <!-- com.all.IHGTest -->
