<?xml version="1.0" encoding="UTF-8"?>
<!-- Generated by org.testng.reporters.JUnitReportReporter -->
<testsuite hostname="Divyakrishna" name="com.few.OrangeHrmTest" tests="1" failures="0" timestamp="29 Apr 2024 02:46:51 GMT" time="16.248" errors="0">
  <testcase name="OrangeHrm" time="16.248" classname="com.few.OrangeHrmTest"/>
</testsuite> <!-- com.few.OrangeHrmTest -->
