<?xml version="1.0" encoding="UTF-8"?>
<!-- Generated by org.testng.reporters.JUnitReportReporter -->
<testsuite hostname="Divyakrishna" name="com.ng.FacebookTest" tests="1" failures="0" timestamp="26 Apr 2024 03:21:35 GMT" time="8.031" errors="0">
  <testcase name="fb" time="8.031" classname="com.ng.FacebookTest"/>
</testsuite> <!-- com.ng.FacebookTest -->
