<?xml version="1.0" encoding="UTF-8"?>
<!-- Generated by org.testng.reporters.JUnitReportReporter -->
<testsuite hostname="Divyakrishna" name="com.grp.DemoTest" tests="1" failures="0" timestamp="29 Apr 2024 03:00:56 GMT" time="33.351" errors="0">
  <testcase name="demotest" time="33.351" classname="com.grp.DemoTest"/>
</testsuite> <!-- com.grp.DemoTest -->
