<?xml version="1.0" encoding="UTF-8"?>
<!-- Generated by org.testng.reporters.JUnitReportReporter -->
<testsuite hostname="Divyakrishna" name="com.all.FacebookTest" tests="1" failures="0" timestamp="29 Apr 2024 02:52:21 GMT" time="6.690" errors="0">
  <testcase name="fb" time="6.690" classname="com.all.FacebookTest"/>
</testsuite> <!-- com.all.FacebookTest -->
