<?xml version="1.0" encoding="UTF-8"?>
<!-- Generated by org.testng.reporters.JUnitReportReporter -->
<testsuite hostname="Divyakrishna" name="com.attributes.FruitsTest" tests="5" failures="0" timestamp="26 Apr 2024 12:52:46 GMT" time="0.019" errors="0">
  <testcase name="mango" time="0.004" classname="com.attributes.FruitsTest"/>
  <testcase name="orange" time="0.012" classname="com.attributes.FruitsTest"/>
  <testcase name="banana" time="0.001" classname="com.attributes.FruitsTest"/>
  <testcase name="pineapple" time="0.000" classname="com.attributes.FruitsTest"/>
  <testcase name="grapes" time="0.002" classname="com.attributes.FruitsTest"/>
</testsuite> <!-- com.attributes.FruitsTest -->
