<?xml version="1.0" encoding="UTF-8"?>
<!-- Generated by org.testng.reporters.JUnitReportReporter -->
<testsuite hostname="Divyakrishna" name="com.grp.OrangeHrmTest" tests="1" failures="0" timestamp="29 Apr 2024 03:03:32 GMT" time="13.096" errors="0">
  <testcase name="OrangeHrm" time="13.096" classname="com.grp.OrangeHrmTest"/>
</testsuite> <!-- com.grp.OrangeHrmTest -->
