<?xml version="1.0" encoding="UTF-8"?>
<!-- Generated by org.testng.reporters.JUnitReportReporter -->
<testsuite hostname="Divyakrishna" name="com.few.FacebookTest" tests="1" failures="0" timestamp="29 Apr 2024 02:43:45 GMT" time="11.321" errors="0">
  <testcase name="fb" time="11.321" classname="com.few.FacebookTest"/>
</testsuite> <!-- com.few.FacebookTest -->
