<?xml version="1.0" encoding="UTF-8"?>
<!-- Generated by org.testng.reporters.JUnitReportReporter -->
<testsuite hostname="Divyakrishna" name="com.ng.NumbersTest" tests="1" failures="0" timestamp="26 Apr 2024 12:24:09 GMT" time="0.002" errors="0">
  <testcase name="one" time="0.002" classname="com.ng.NumbersTest"/>
</testsuite> <!-- com.ng.NumbersTest -->
