<?xml version="1.0" encoding="UTF-8"?>
<!-- Generated by org.testng.reporters.JUnitReportReporter -->
<testsuite hostname="Divyakrishna" name="com.attributes.IHGTest" tests="1" failures="0" timestamp="26 Apr 2024 12:34:42 GMT" time="46.020" errors="0">
  <testcase name="ihg" time="46.020" classname="com.attributes.IHGTest"/>
</testsuite> <!-- com.attributes.IHGTest -->
