<?xml version="1.0" encoding="UTF-8"?>
<!-- Generated by org.testng.reporters.JUnitReportReporter -->
<testsuite hostname="Divyakrishna" name="com.grp.FacebookTest" tests="1" failures="0" timestamp="29 Apr 2024 03:01:40 GMT" time="13.050" errors="0">
  <testcase name="fb" time="13.050" classname="com.grp.FacebookTest"/>
</testsuite> <!-- com.grp.FacebookTest -->
