<?xml version="1.0" encoding="UTF-8"?>
<!-- Generated by org.testng.reporters.JUnitReportReporter -->
<testsuite hostname="Divyakrishna" name="com.extend.OrangeHrmTest" tests="1" failures="0" timestamp="1 May 2024 03:00:15 GMT" time="19.266" errors="0">
  <testcase name="OrangeHrm" time="19.266" classname="com.extend.OrangeHrmTest"/>
</testsuite> <!-- com.extend.OrangeHrmTest -->
