<?xml version="1.0" encoding="UTF-8"?>
<!-- Generated by org.testng.reporters.JUnitReportReporter -->
<testsuite hostname="Divyakrishna" name="com.ng.IHGTest" tests="1" failures="0" timestamp="26 Apr 2024 03:21:35 GMT" time="9.141" errors="0">
  <testcase name="ihg" time="9.141" classname="com.ng.IHGTest"/>
</testsuite> <!-- com.ng.IHGTest -->
