<?xml version="1.0" encoding="UTF-8"?>
<!-- Generated by org.testng.reporters.JUnitReportReporter -->
<testsuite hostname="Divyakrishna" name="com.few.DemoTest" tests="1" failures="0" timestamp="29 Apr 2024 02:46:51 GMT" time="21.500" errors="0">
  <testcase name="demotest" time="21.500" classname="com.few.DemoTest"/>
</testsuite> <!-- com.few.DemoTest -->
